<?xml version="1.0" encoding="UTF-8"?>
<!-- Generated by org.testng.reporters.JUnitReportReporter -->
<testsuite hostname="LAPTOP-0O8VOCIM" failures="0" tests="1" name="com.versapay.qa.test.ProductOverviewPageTest" time="14.188" errors="0" timestamp="29 Sep. 2020 18:15:34 GMT" skipped="0">
  <testcase classname="com.versapay.qa.test.ProductOverviewPageTest" name="bookFreeDemoTest" time="14.188"/>
</testsuite> <!-- com.versapay.qa.test.ProductOverviewPageTest -->
