<?xml version="1.0" encoding="UTF-8"?>
<!-- Generated by org.testng.reporters.JUnitReportReporter -->
<testsuite hostname="LAPTOP-0O8VOCIM" failures="0" tests="2" name="com.versapay.qa.test.ArIsChangingPageTest" time="23.343" errors="0" timestamp="29 Sep. 2020 15:50:19 GMT" skipped="0">
  <testcase classname="com.versapay.qa.test.ArIsChangingPageTest" name="imageDisplayTest" time="12.110"/>
  <testcase classname="com.versapay.qa.test.ArIsChangingPageTest" name="nameDisplayTest" time="11.233"/>
</testsuite> <!-- com.versapay.qa.test.ArIsChangingPageTest -->
