<?xml version="1.0" encoding="UTF-8"?>
<!-- Generated by org.testng.reporters.JUnitReportReporter -->
<testsuite hostname="LAPTOP-0O8VOCIM" failures="0" tests="2" name="com.versapay.qa.test.HomePageTest" time="26.479" errors="0" timestamp="29 Sep. 2020 15:19:12 GMT" skipped="0">
  <testcase classname="com.versapay.qa.test.HomePageTest" name="signUpTest" time="15.046"/>
  <testcase classname="com.versapay.qa.test.HomePageTest" name="emptySignUpTest" time="11.433"/>
</testsuite> <!-- com.versapay.qa.test.HomePageTest -->
