<?xml version="1.0" encoding="UTF-8"?>
<!-- Generated by org.testng.reporters.JUnitReportReporter -->
<testsuite hostname="LAPTOP-0O8VOCIM" failures="0" tests="1" name="com.versapay.qa.test.FAQPageTest" time="15.866" errors="0" timestamp="29 Sep. 2020 21:12:16 GMT" skipped="0">
  <testcase classname="com.versapay.qa.test.FAQPageTest" name="TestNumberOne" time="15.866"/>
</testsuite> <!-- com.versapay.qa.test.FAQPageTest -->
